<?xml version="1.0" encoding="UTF-8"?>
<!-- Generated by org.testng.reporters.JUnitReportReporter -->
<testsuite hostname="HMECL000205" name="abcpack.AutocompleteDemo" tests="1" failures="0" timestamp="10 Nov 2016 03:34:48 GMT" time="32.357" errors="0">
  <testcase name="autocomplete" time="32.357" classname="abcpack.AutocompleteDemo"/>
</testsuite> <!-- abcpack.AutocompleteDemo -->
