<?xml version="1.0" encoding="UTF-8"?>
<!-- Generated by org.testng.reporters.JUnitReportReporter -->
<testsuite hostname="HMECL000205" name="abcpack.LinksDemo" tests="1" failures="0" timestamp="10 Nov 2016 06:09:36 GMT" time="21.931" errors="0">
  <testcase name="links" time="21.931" classname="abcpack.LinksDemo"/>
</testsuite> <!-- abcpack.LinksDemo -->
