<?xml version="1.0" encoding="UTF-8"?>
<!-- Generated by org.testng.reporters.JUnitReportReporter -->
<testsuite hostname="HMECL000205" name="abcpack.ParallelMethods" tests="5" failures="0" timestamp="23 Sep 2016 17:54:10 GMT" time="128.081" errors="0">
  <testcase name="testWebElements1" time="23.727" classname="abcpack.ParallelMethods"/>
  <testcase name="testWebElements11" time="23.728" classname="abcpack.ParallelMethods"/>
  <testcase name="links" time="26.056" classname="abcpack.ParallelMethods"/>
  <testcase name="testBrowserHistory" time="30.868" classname="abcpack.ParallelMethods"/>
  <testcase name="testWebElements" time="23.702" classname="abcpack.ParallelMethods"/>
</testsuite> <!-- abcpack.ParallelMethods -->
