<?xml version="1.0" encoding="UTF-8"?>
<!-- Generated by org.testng.reporters.JUnitReportReporter -->
<testsuite hostname="HMECL000205" name="abcpack.AutocompleteDemo1" tests="1" failures="0" timestamp="10 Nov 2016 06:09:36 GMT" time="33.468" errors="0">
  <testcase name="autocomplete" time="33.468" classname="abcpack.AutocompleteDemo1"/>
</testsuite> <!-- abcpack.AutocompleteDemo1 -->
