<?xml version="1.0" encoding="UTF-8"?>
<!-- Generated by org.testng.reporters.JUnitReportReporter -->
<testsuite hostname="HMECL000205" name="abcpack.BrowserHistoryDemo" tests="1" failures="0" timestamp="10 Nov 2016 03:46:55 GMT" time="39.255" errors="0">
  <testcase name="testBrowserHistory" time="39.255" classname="abcpack.BrowserHistoryDemo"/>
</testsuite> <!-- abcpack.BrowserHistoryDemo -->
