<?xml version="1.0" encoding="UTF-8"?>
<!-- Generated by org.testng.reporters.JUnitReportReporter -->
<testsuite hostname="SHVLSP0041F1D" name="suite1.GmailLogin" tests="1" failures="0" timestamp="8 Apr 2015 15:03:51 GMT" time="25.344" errors="0">
  <testcase name="testgmailloginPageObjects" time="25.344" classname="suite1.GmailLogin"/>
</testsuite> <!-- suite1.GmailLogin -->
