<?xml version="1.0" encoding="UTF-8"?>
<!-- Generated by org.testng.reporters.JUnitReportReporter -->
<testsuite hostname="SHVLSP0041F1D" name="suite1.Login" tests="1" failures="0" timestamp="9 Apr 2015 15:03:34 GMT" time="7.825" errors="0">
  <testcase name="testLogin" time="7.825" classname="suite1.Login"/>
</testsuite> <!-- suite1.Login -->
