<?xml version="1.0" encoding="UTF-8"?>
<!-- Generated by org.testng.reporters.JUnitReportReporter -->
<testsuite hostname="HMECL000205" name="abcpack.SyncDemo" tests="1" failures="0" timestamp="10 Nov 2016 02:36:20 GMT" time="36.233" errors="0">
  <testcase name="testSync" time="36.233" classname="abcpack.SyncDemo"/>
</testsuite> <!-- abcpack.SyncDemo -->
